<?xml version="1.0" encoding="UTF-8"?>
<testsuite xmlns:xsi="http://www.w3.org/2001/XMLSchema-instance" xsi:noNamespaceSchemaLocation="https://maven.apache.org/surefire/maven-surefire-plugin/xsd/surefire-test-report-3.0.xsd" version="3.0" name="test.MWTest" time="0.091" tests="3" errors="0" skipped="0" failures="0">
  <properties>
[...]
</properties>
  <testcase name="getRandomQuestionTest" classname="test.MWTest" time="0.013"/>
  <testcase name="readFromFileTest" classname="test.MWTest" time="0"/>
  <testcase name="QuestionInfo_setAllTest" classname="test.MWTest" time="0.001"/>
</testsuite>